2022-04-29 13:40:17 [INFO] Starting minecraft server version 1.5.2
2022-04-29 13:40:17 [WARNING] To start the server with more ram, launch it as "java -Xmx1024M -Xms1024M -jar minecraft_server.jar"
2022-04-29 13:40:17 [INFO] Loading properties
2022-04-29 13:40:17 [INFO] Default game type: SURVIVAL
2022-04-29 13:40:17 [INFO] Generating keypair
2022-04-29 13:40:18 [INFO] Starting Minecraft server on 127.0.0.1:25569
2022-04-29 13:40:20 [INFO] This server is running CraftBukkit version git-Bukkit-1.5.2-R1.0-b2788jnks (MC: 1.5.2) (Implementing API version 1.5.2-R1.0)
2022-04-29 13:40:20 [WARNING] Failed to load operators list: java.io.FileNotFoundException: ./ops.txt (No such file or directory)
2022-04-29 13:40:20 [WARNING] Failed to load white-list: java.io.FileNotFoundException: ./white-list.txt (No such file or directory)
2022-04-29 13:40:20 [WARNING] **** SERVER IS RUNNING IN OFFLINE/INSECURE MODE!
2022-04-29 13:40:20 [WARNING] The server will make no attempt to authenticate usernames. Beware.
2022-04-29 13:40:20 [WARNING] While this makes the game possible to play without internet access, it also opens up the ability for hackers to connect with any username they choose.
2022-04-29 13:40:20 [WARNING] To change this, set "online-mode" to "true" in the server.properties file.
2022-04-29 13:40:21 [INFO] Preparing level "world"
2022-04-29 13:40:22 [INFO] Preparing start region for level 0 (Seed: 6100836261171259347)
2022-04-29 13:40:23 [INFO] Preparing spawn area: 0%
2022-04-29 13:40:24 [INFO] Preparing spawn area: 4%
2022-04-29 13:40:26 [INFO] Preparing spawn area: 4%
2022-04-29 13:40:27 [INFO] Preparing spawn area: 4%
2022-04-29 13:40:28 [INFO] Preparing spawn area: 8%
2022-04-29 13:40:29 [INFO] Preparing spawn area: 8%
2022-04-29 13:40:30 [INFO] Preparing spawn area: 12%
2022-04-29 13:40:31 [INFO] Preparing spawn area: 12%
2022-04-29 13:40:32 [INFO] Preparing spawn area: 16%
2022-04-29 13:40:33 [INFO] Preparing spawn area: 20%
2022-04-29 13:40:34 [INFO] Preparing spawn area: 24%
2022-04-29 13:40:35 [INFO] Preparing spawn area: 29%
2022-04-29 13:40:36 [INFO] Preparing spawn area: 33%
2022-04-29 13:40:37 [INFO] Preparing spawn area: 37%
2022-04-29 13:40:38 [INFO] Preparing spawn area: 41%
2022-04-29 13:40:39 [INFO] Preparing spawn area: 45%
2022-04-29 13:40:40 [INFO] Preparing spawn area: 53%
2022-04-29 13:40:41 [INFO] Preparing spawn area: 58%
2022-04-29 13:40:42 [INFO] Preparing spawn area: 62%
2022-04-29 13:40:43 [INFO] Preparing spawn area: 66%
2022-04-29 13:40:44 [INFO] Preparing spawn area: 70%
2022-04-29 13:40:46 [INFO] Preparing spawn area: 74%
2022-04-29 13:40:47 [INFO] Preparing spawn area: 83%
2022-04-29 13:40:48 [INFO] Preparing spawn area: 87%
2022-04-29 13:40:49 [INFO] Preparing spawn area: 91%
2022-04-29 13:40:50 [INFO] Preparing spawn area: 95%
2022-04-29 13:40:51 [INFO] Preparing spawn area: 99%
2022-04-29 13:40:51 [INFO] Preparing start region for level 1 (Seed: 6100836261171259347)
2022-04-29 13:40:52 [INFO] Preparing spawn area: 0%
2022-04-29 13:40:53 [INFO] Preparing spawn area: 4%
2022-04-29 13:40:54 [INFO] Preparing spawn area: 8%
2022-04-29 13:40:55 [INFO] Preparing spawn area: 12%
2022-04-29 13:40:56 [INFO] Preparing spawn area: 16%
2022-04-29 13:40:57 [INFO] Preparing spawn area: 20%
2022-04-29 13:40:58 [INFO] Preparing spawn area: 24%
2022-04-29 13:40:59 [INFO] Preparing spawn area: 29%
2022-04-29 13:41:00 [INFO] Preparing spawn area: 37%
2022-04-29 13:41:01 [INFO] Preparing spawn area: 37%
2022-04-29 13:41:02 [INFO] Preparing spawn area: 45%
2022-04-29 13:41:04 [INFO] Preparing spawn area: 49%
2022-04-29 13:41:05 [INFO] Preparing spawn area: 62%
2022-04-29 13:41:06 [INFO] Preparing spawn area: 70%
2022-04-29 13:41:07 [INFO] Preparing spawn area: 83%
2022-04-29 13:41:08 [INFO] Preparing spawn area: 91%
2022-04-29 13:41:09 [INFO] Preparing start region for level 2 (Seed: 6100836261171259347)
2022-04-29 13:41:09 [INFO] Preparing spawn area: 0%
2022-04-29 13:41:10 [INFO] Preparing spawn area: 8%
2022-04-29 13:41:11 [INFO] Preparing spawn area: 20%
2022-04-29 13:41:12 [INFO] Preparing spawn area: 29%
2022-04-29 13:41:13 [INFO] Preparing spawn area: 41%
2022-04-29 13:41:14 [INFO] Preparing spawn area: 49%
2022-04-29 13:41:15 [INFO] Preparing spawn area: 58%
2022-04-29 13:41:16 [INFO] Preparing spawn area: 78%
2022-04-29 13:41:17 [INFO] Preparing spawn area: 99%
2022-04-29 13:41:17 [INFO] Server permissions file permissions.yml is empty, ignoring it
2022-04-29 13:41:17 [INFO] Done (56.990s)! For help, type "help" or "?"
2022-04-29 13:41:23 [WARNING] Could not get information about this CraftBukkit version; perhaps you are running a custom one?: IOException
2022-04-29 13:41:24 [WARNING] Can't keep up! Did the system time change, or is the server overloaded?
2022-04-29 13:42:25 [WARNING] Could not get latest artifact information: IOException
2022-04-29 13:43:58 [INFO] Makklooplg_[/127.0.0.1:55599] logged in with entity id 3372 at ([world] -80.5, 62.0, 238.5)
2022-04-29 13:44:16 [INFO] Connection reset
2022-04-29 13:44:16 [INFO] Makklooplg_ lost connection: disconnect.quitting
2022-04-29 13:44:19 [INFO] Makklooplg_[/127.0.0.1:39207] logged in with entity id 4430 at ([world] -82.02708622507512, 64.0, 239.6505571949527)
2022-04-29 13:44:47 [INFO] Makklooplg_ lost connection: disconnect.quitting
2022-04-29 13:44:47 [INFO] Connection reset
2022-04-29 13:44:50 [INFO] Stopping server
